
Start time     : 2023-05-23T00:58:04
Program name   : esorex
Severity level : [ INFO  ] 

00:58:04 [ INFO  ] : [tid=000] This is EsoRex, version 3.13.6
00:58:04 [ INFO  ] : [tid=000] using the libraries: CPL = 7.2.3, CFITSIO = 3.49, WCSLIB = 7.6, FFTW (normal precision) = 3.3.9-sse2, FFTW (single precision) = 3.3.9-sse2, OPENMP = 201107
00:58:04 [ INFO  ] : [tid=000] Invocation command line was: esorex --output-dir=/data/beegfs/astro-storage/groups/matisse/scheuck/data/matisse/GTO/hd142666/product/UTs/2019-05-13/calib/coherent/TAR-CAL.mat_cal_estimates.2019-05-14T05_28_03.HAWAII-2RG.2019-05-14T06_12_59.rb mat_cal_oifits /data/beegfs/astro-storage/groups/matisse/scheuck/data/matisse/GTO/hd142666/product/UTs/2019-05-13/calib/coherent/TAR-CAL.mat_cal_estimates.2019-05-14T05_28_03.HAWAII-2RG.2019-05-14T06_12_59.rb/visbility_reduction.sof
00:58:04 [ INFO  ] mat_cal_oifits_create: [tid=000] Parameters created.
00:58:05 [ INFO  ] mat_cal_oifits: [tid=000] Processing frames BCD IN-IN - No Chop
00:58:05 [ INFO  ] mat_oifits_load: [tid=000] Load oifits
00:58:05 [ INFO  ] mat_oifits_add_array: [tid=000] Add array
00:58:05 [ INFO  ] mat_oifits_add_wavelength: [tid=000] Add wavelength
00:58:05 [ INFO  ] mat_oivis2_from_table: [tid=000] VIS2 table has 64 wavelength data
00:58:05 [ INFO  ] mat_oifits_add_vis2: [tid=000] Add vis2
00:58:05 [ INFO  ] mat_oifits_find_tupel: [tid=000] Find tuple
00:58:05 [ INFO  ] mat_oifits_select_tupel: [tid=000] Select tuple
00:58:05 [ INFO  ] mat_oit3_from_table: [tid=000] T3 table has 64 wavelength data
00:58:05 [ INFO  ] mat_oifits_add_t3: [tid=000] Add T3
00:58:05 [ INFO  ] mat_oifits_find_tupel: [tid=000] Find tuple
00:58:05 [ INFO  ] mat_oifits_select_tupel: [tid=000] Select tuple
00:58:05 [ INFO  ] mat_oivis_from_table: [tid=000] VIS table has 64 wavelength data
00:58:05 [ INFO  ] mat_oifits_add_vis: [tid=000] Add vis
00:58:05 [ INFO  ] mat_oifits_find_tupel: [tid=000] Find tuple
00:58:05 [ INFO  ] mat_oifits_select_tupel: [tid=000] Select tuple
00:58:05 [ INFO  ] mat_cal_oifits: [tid=000] ****************************************************
00:58:05 [ INFO  ] mat_cal_oifits: [tid=000] Starting mat_cal_vis
00:58:05 [ INFO  ] mat_cal_oifits: [tid=000] ****************************************************
00:58:05 [ INFO  ] mat_oifits_load: [tid=000] Load oifits
00:58:05 [ INFO  ] mat_oifits_add_array: [tid=000] Add array
00:58:05 [ INFO  ] mat_oifits_add_wavelength: [tid=000] Add wavelength
00:58:05 [ INFO  ] mat_oivis2_from_table: [tid=000] VIS2 table has 64 wavelength data
00:58:05 [ INFO  ] mat_oifits_add_vis2: [tid=000] Add vis2
00:58:05 [ INFO  ] mat_oifits_find_tupel: [tid=000] Find tuple
00:58:05 [ INFO  ] mat_oifits_select_tupel: [tid=000] Select tuple
00:58:05 [ INFO  ] mat_oit3_from_table: [tid=000] T3 table has 64 wavelength data
00:58:05 [ INFO  ] mat_oifits_add_t3: [tid=000] Add T3
00:58:05 [ INFO  ] mat_oifits_find_tupel: [tid=000] Find tuple
00:58:05 [ INFO  ] mat_oifits_select_tupel: [tid=000] Select tuple
00:58:05 [ INFO  ] mat_oivis_from_table: [tid=000] VIS table has 64 wavelength data
00:58:05 [ INFO  ] mat_oifits_add_vis: [tid=000] Add vis
00:58:05 [ INFO  ] mat_oifits_find_tupel: [tid=000] Find tuple
00:58:05 [ INFO  ] mat_oifits_select_tupel: [tid=000] Select tuple
00:58:05 [ INFO  ] mat_oifits_load: [tid=000] Load oifits
00:58:05 [ INFO  ] mat_oifits_add_array: [tid=000] Add array
00:58:05 [ INFO  ] mat_oifits_add_wavelength: [tid=000] Add wavelength
00:58:05 [ INFO  ] mat_oivis2_from_table: [tid=000] VIS2 table has 64 wavelength data
00:58:05 [ INFO  ] mat_oifits_add_vis2: [tid=000] Add vis2
00:58:05 [ INFO  ] mat_oifits_find_tupel: [tid=000] Find tuple
00:58:05 [ INFO  ] mat_oifits_select_tupel: [tid=000] Select tuple
00:58:05 [ INFO  ] mat_oit3_from_table: [tid=000] T3 table has 64 wavelength data
00:58:05 [ INFO  ] mat_oifits_add_t3: [tid=000] Add T3
00:58:05 [ INFO  ] mat_oifits_find_tupel: [tid=000] Find tuple
00:58:05 [ INFO  ] mat_oifits_select_tupel: [tid=000] Select tuple
00:58:05 [ INFO  ] mat_oivis_from_table: [tid=000] VIS table has 64 wavelength data
00:58:05 [ INFO  ] mat_oifits_add_vis: [tid=000] Add vis
00:58:05 [ INFO  ] mat_oifits_find_tupel: [tid=000] Find tuple
00:58:05 [ INFO  ] mat_oifits_select_tupel: [tid=000] Select tuple
00:58:05 [ INFO  ] mat_oitf2_from_table: [tid=000] TF2 table has 64 wavelength data
00:58:05 [ INFO  ] mat_oifits_add_tf2: [tid=000] Add TF2
00:58:05 [ INFO  ] mat_oifits_find_tupel: [tid=000] Find tuple
00:58:05 [ INFO  ] mat_oifits_select_tupel: [tid=000] Select tuple
00:58:05 [ INFO  ] mat_cal_vis_lib: [tid=000] Number of Telescope: 4
00:58:05 [ INFO  ] mat_cal_vis_lib: [tid=000] Number of base: 6
00:58:05 [ INFO  ] mat_cal_vis_lib: [tid=000] Number of blocks: 1
00:58:05 [ INFO  ] mat_oifits_save: [tid=000] Save oifits
00:58:05 [ INFO  ] cpl_dfs_product_save: [tid=000] Writing FITS propertylist product(CAL_VIS2): CALVIS_TARGET_RAW_INT_0002.fits
00:58:05 [ INFO  ] mat_oifits_delete: [tid=000] Delete oifits
00:58:05 [ INFO  ] mat_oifits_delete: [tid=000] Delete oifits
00:58:05 [ INFO  ] mat_cal_oifits: [tid=000] ****************************************************
00:58:05 [ INFO  ] mat_cal_oifits: [tid=000] Starting mat_cal_cphase
00:58:05 [ INFO  ] mat_cal_oifits: [tid=000] ****************************************************
00:58:06 [ INFO  ] mat_oifits_load: [tid=000] Load oifits
00:58:06 [ INFO  ] mat_oifits_add_array: [tid=000] Add array
00:58:06 [ INFO  ] mat_oifits_add_wavelength: [tid=000] Add wavelength
00:58:06 [ INFO  ] mat_oivis2_from_table: [tid=000] VIS2 table has 64 wavelength data
00:58:06 [ INFO  ] mat_oifits_add_vis2: [tid=000] Add vis2
00:58:06 [ INFO  ] mat_oifits_find_tupel: [tid=000] Find tuple
00:58:06 [ INFO  ] mat_oifits_select_tupel: [tid=000] Select tuple
00:58:06 [ INFO  ] mat_oit3_from_table: [tid=000] T3 table has 64 wavelength data
00:58:06 [ INFO  ] mat_oifits_add_t3: [tid=000] Add T3
00:58:06 [ INFO  ] mat_oifits_find_tupel: [tid=000] Find tuple
00:58:06 [ INFO  ] mat_oifits_select_tupel: [tid=000] Select tuple
00:58:06 [ INFO  ] mat_oivis_from_table: [tid=000] VIS table has 64 wavelength data
00:58:06 [ INFO  ] mat_oifits_add_vis: [tid=000] Add vis
00:58:06 [ INFO  ] mat_oifits_find_tupel: [tid=000] Find tuple
00:58:06 [ INFO  ] mat_oifits_select_tupel: [tid=000] Select tuple
00:58:06 [ INFO  ] mat_oifits_load: [tid=000] Load oifits
00:58:06 [ INFO  ] mat_oifits_add_array: [tid=000] Add array
00:58:06 [ INFO  ] mat_oifits_add_wavelength: [tid=000] Add wavelength
00:58:06 [ INFO  ] mat_oivis2_from_table: [tid=000] VIS2 table has 64 wavelength data
00:58:06 [ INFO  ] mat_oifits_add_vis2: [tid=000] Add vis2
00:58:06 [ INFO  ] mat_oifits_find_tupel: [tid=000] Find tuple
00:58:06 [ INFO  ] mat_oifits_select_tupel: [tid=000] Select tuple
00:58:06 [ INFO  ] mat_oit3_from_table: [tid=000] T3 table has 64 wavelength data
00:58:06 [ INFO  ] mat_oifits_add_t3: [tid=000] Add T3
00:58:06 [ INFO  ] mat_oifits_find_tupel: [tid=000] Find tuple
00:58:06 [ INFO  ] mat_oifits_select_tupel: [tid=000] Select tuple
00:58:06 [ INFO  ] mat_oivis_from_table: [tid=000] VIS table has 64 wavelength data
00:58:06 [ INFO  ] mat_oifits_add_vis: [tid=000] Add vis
00:58:06 [ INFO  ] mat_oifits_find_tupel: [tid=000] Find tuple
00:58:06 [ INFO  ] mat_oifits_select_tupel: [tid=000] Select tuple
00:58:06 [ INFO  ] mat_oitf2_from_table: [tid=000] TF2 table has 64 wavelength data
00:58:06 [ INFO  ] mat_oifits_add_tf2: [tid=000] Add TF2
00:58:06 [ INFO  ] mat_oifits_find_tupel: [tid=000] Find tuple
00:58:06 [ INFO  ] mat_oifits_select_tupel: [tid=000] Select tuple
00:58:06 [ INFO  ] mat_oifits_save: [tid=000] Save oifits
00:58:06 [ INFO  ] cpl_dfs_product_save: [tid=000] Writing FITS propertylist product(CAL_CPHASE): CALCPHASE_TARGET_RAW_INT_0002.fits
00:58:06 [ INFO  ] mat_oifits_delete: [tid=000] Delete oifits
00:58:06 [ INFO  ] mat_oifits_delete: [tid=000] Delete oifits
00:58:06 [ INFO  ] mat_cal_oifits: [tid=000] ****************************************************
00:58:06 [ INFO  ] mat_cal_oifits: [tid=000] Starting mat_cal_dphase
00:58:06 [ INFO  ] mat_cal_oifits: [tid=000] ****************************************************
00:58:06 [ INFO  ] mat_oifits_load: [tid=000] Load oifits
00:58:06 [ INFO  ] mat_oifits_add_array: [tid=000] Add array
00:58:06 [ INFO  ] mat_oifits_add_wavelength: [tid=000] Add wavelength
00:58:06 [ INFO  ] mat_oivis2_from_table: [tid=000] VIS2 table has 64 wavelength data
00:58:06 [ INFO  ] mat_oifits_add_vis2: [tid=000] Add vis2
00:58:06 [ INFO  ] mat_oifits_find_tupel: [tid=000] Find tuple
00:58:06 [ INFO  ] mat_oifits_select_tupel: [tid=000] Select tuple
00:58:06 [ INFO  ] mat_oit3_from_table: [tid=000] T3 table has 64 wavelength data
00:58:06 [ INFO  ] mat_oifits_add_t3: [tid=000] Add T3
00:58:06 [ INFO  ] mat_oifits_find_tupel: [tid=000] Find tuple
00:58:06 [ INFO  ] mat_oifits_select_tupel: [tid=000] Select tuple
00:58:06 [ INFO  ] mat_oivis_from_table: [tid=000] VIS table has 64 wavelength data
00:58:06 [ INFO  ] mat_oifits_add_vis: [tid=000] Add vis
00:58:06 [ INFO  ] mat_oifits_find_tupel: [tid=000] Find tuple
00:58:06 [ INFO  ] mat_oifits_select_tupel: [tid=000] Select tuple
00:58:06 [ INFO  ] mat_oifits_load: [tid=000] Load oifits
00:58:06 [ INFO  ] mat_oifits_add_array: [tid=000] Add array
00:58:06 [ INFO  ] mat_oifits_add_wavelength: [tid=000] Add wavelength
00:58:06 [ INFO  ] mat_oivis2_from_table: [tid=000] VIS2 table has 64 wavelength data
00:58:06 [ INFO  ] mat_oifits_add_vis2: [tid=000] Add vis2
00:58:06 [ INFO  ] mat_oifits_find_tupel: [tid=000] Find tuple
00:58:06 [ INFO  ] mat_oifits_select_tupel: [tid=000] Select tuple
00:58:06 [ INFO  ] mat_oit3_from_table: [tid=000] T3 table has 64 wavelength data
00:58:06 [ INFO  ] mat_oifits_add_t3: [tid=000] Add T3
00:58:06 [ INFO  ] mat_oifits_find_tupel: [tid=000] Find tuple
00:58:06 [ INFO  ] mat_oifits_select_tupel: [tid=000] Select tuple
00:58:06 [ INFO  ] mat_oivis_from_table: [tid=000] VIS table has 64 wavelength data
00:58:06 [ INFO  ] mat_oifits_add_vis: [tid=000] Add vis
00:58:06 [ INFO  ] mat_oifits_find_tupel: [tid=000] Find tuple
00:58:06 [ INFO  ] mat_oifits_select_tupel: [tid=000] Select tuple
00:58:06 [ INFO  ] mat_oitf2_from_table: [tid=000] TF2 table has 64 wavelength data
00:58:06 [ INFO  ] mat_oifits_add_tf2: [tid=000] Add TF2
00:58:06 [ INFO  ] mat_oifits_find_tupel: [tid=000] Find tuple
00:58:06 [ INFO  ] mat_oifits_select_tupel: [tid=000] Select tuple
00:58:06 [ INFO  ] mat_oifits_save: [tid=000] Save oifits
00:58:06 [ INFO  ] cpl_dfs_product_save: [tid=000] Writing FITS propertylist product(CAL_DPHASE): CALDPHASE_TARGET_RAW_INT_0002.fits
00:58:06 [ INFO  ] mat_oifits_delete: [tid=000] Delete oifits
00:58:06 [ INFO  ] mat_oifits_delete: [tid=000] Delete oifits
00:58:06 [ INFO  ] mat_cal_oifits: [tid=000] ****************************************************
00:58:06 [ INFO  ] mat_cal_oifits: [tid=000] Starting mat_merge_results
00:58:06 [ INFO  ] mat_cal_oifits: [tid=000] ****************************************************
00:58:06 [ INFO  ] mat_merge_results_lib: [tid=000] Merging results...
00:58:07 [ INFO  ] mat_oivis2_from_table: [tid=000] VIS2 table has 64 wavelength data
00:58:07 [ INFO  ] mat_oit3_from_table: [tid=000] T3 table has 64 wavelength data
00:58:07 [ INFO  ] mat_merge_results_lib: [tid=000] OIVIS Merging...
00:58:07 [ INFO  ] mat_oivis_from_table: [tid=000] VIS table has 64 wavelength data
00:58:07 [ INFO  ] mat_merge_results_lib: [tid=000] OITF2...
00:58:07 [ INFO  ] mat_merge_results_lib: [tid=000] New OIVIS2...
00:58:07 [ INFO  ] mat_merge_results_lib: [tid=000] OIVIS Merging 2...
00:58:07 [ INFO  ] mat_merge_results_lib: [tid=000] T3 Merging...
00:58:07 [ INFO  ] mat_merge_results_lib: [tid=000] Number of keywords PRO.REC erased = 103
00:58:07 [ INFO  ] mat_merge_results_lib: [tid=000] Number of keywords PRO.DATANCOM erased = 1
00:58:07 [ INFO  ] mat_oifits_save: [tid=000] Save oifits
00:58:07 [ INFO  ] cpl_dfs_product_save: [tid=000] Writing FITS propertylist product(TARGET_CAL_INT): TARGET_CAL_INT_0002.fits
00:58:07 [ INFO  ] mat_oifits_delete: [tid=000] Delete oifits
00:58:07 [ INFO  ] mat_oifits_delete: [tid=000] Delete oifits
00:58:07 [ INFO  ] mat_cal_oifits: [tid=000] Processing frames BCD OUT-OUT - No Chop
00:58:07 [ INFO  ] mat_oifits_load: [tid=000] Load oifits
00:58:07 [ INFO  ] mat_oifits_add_array: [tid=000] Add array
00:58:07 [ INFO  ] mat_oifits_add_wavelength: [tid=000] Add wavelength
00:58:07 [ INFO  ] mat_oivis2_from_table: [tid=000] VIS2 table has 64 wavelength data
00:58:07 [ INFO  ] mat_oifits_add_vis2: [tid=000] Add vis2
00:58:07 [ INFO  ] mat_oifits_find_tupel: [tid=000] Find tuple
00:58:07 [ INFO  ] mat_oifits_select_tupel: [tid=000] Select tuple
00:58:07 [ INFO  ] mat_oit3_from_table: [tid=000] T3 table has 64 wavelength data
00:58:07 [ INFO  ] mat_oifits_add_t3: [tid=000] Add T3
00:58:07 [ INFO  ] mat_oifits_find_tupel: [tid=000] Find tuple
00:58:07 [ INFO  ] mat_oifits_select_tupel: [tid=000] Select tuple
00:58:07 [ INFO  ] mat_oivis_from_table: [tid=000] VIS table has 64 wavelength data
00:58:07 [ INFO  ] mat_oifits_add_vis: [tid=000] Add vis
00:58:07 [ INFO  ] mat_oifits_find_tupel: [tid=000] Find tuple
00:58:07 [ INFO  ] mat_oifits_select_tupel: [tid=000] Select tuple
00:58:07 [ INFO  ] mat_cal_oifits: [tid=000] ****************************************************
00:58:07 [ INFO  ] mat_cal_oifits: [tid=000] Starting mat_cal_vis
00:58:07 [ INFO  ] mat_cal_oifits: [tid=000] ****************************************************
00:58:07 [ INFO  ] mat_oifits_load: [tid=000] Load oifits
00:58:07 [ INFO  ] mat_oifits_add_array: [tid=000] Add array
00:58:07 [ INFO  ] mat_oifits_add_wavelength: [tid=000] Add wavelength
00:58:07 [ INFO  ] mat_oivis2_from_table: [tid=000] VIS2 table has 64 wavelength data
00:58:07 [ INFO  ] mat_oifits_add_vis2: [tid=000] Add vis2
00:58:07 [ INFO  ] mat_oifits_find_tupel: [tid=000] Find tuple
00:58:07 [ INFO  ] mat_oifits_select_tupel: [tid=000] Select tuple
00:58:07 [ INFO  ] mat_oit3_from_table: [tid=000] T3 table has 64 wavelength data
00:58:07 [ INFO  ] mat_oifits_add_t3: [tid=000] Add T3
00:58:07 [ INFO  ] mat_oifits_find_tupel: [tid=000] Find tuple
00:58:07 [ INFO  ] mat_oifits_select_tupel: [tid=000] Select tuple
00:58:07 [ INFO  ] mat_oivis_from_table: [tid=000] VIS table has 64 wavelength data
00:58:07 [ INFO  ] mat_oifits_add_vis: [tid=000] Add vis
00:58:07 [ INFO  ] mat_oifits_find_tupel: [tid=000] Find tuple
00:58:07 [ INFO  ] mat_oifits_select_tupel: [tid=000] Select tuple
00:58:07 [ INFO  ] mat_oifits_load: [tid=000] Load oifits
00:58:07 [ INFO  ] mat_oifits_add_array: [tid=000] Add array
00:58:07 [ INFO  ] mat_oifits_add_wavelength: [tid=000] Add wavelength
00:58:07 [ INFO  ] mat_oivis2_from_table: [tid=000] VIS2 table has 64 wavelength data
00:58:07 [ INFO  ] mat_oifits_add_vis2: [tid=000] Add vis2
00:58:07 [ INFO  ] mat_oifits_find_tupel: [tid=000] Find tuple
00:58:07 [ INFO  ] mat_oifits_select_tupel: [tid=000] Select tuple
00:58:07 [ INFO  ] mat_oit3_from_table: [tid=000] T3 table has 64 wavelength data
00:58:07 [ INFO  ] mat_oifits_add_t3: [tid=000] Add T3
00:58:07 [ INFO  ] mat_oifits_find_tupel: [tid=000] Find tuple
00:58:07 [ INFO  ] mat_oifits_select_tupel: [tid=000] Select tuple
00:58:07 [ INFO  ] mat_oivis_from_table: [tid=000] VIS table has 64 wavelength data
00:58:07 [ INFO  ] mat_oifits_add_vis: [tid=000] Add vis
00:58:07 [ INFO  ] mat_oifits_find_tupel: [tid=000] Find tuple
00:58:07 [ INFO  ] mat_oifits_select_tupel: [tid=000] Select tuple
00:58:07 [ INFO  ] mat_oitf2_from_table: [tid=000] TF2 table has 64 wavelength data
00:58:07 [ INFO  ] mat_oifits_add_tf2: [tid=000] Add TF2
00:58:07 [ INFO  ] mat_oifits_find_tupel: [tid=000] Find tuple
00:58:07 [ INFO  ] mat_oifits_select_tupel: [tid=000] Select tuple
00:58:07 [ INFO  ] mat_cal_vis_lib: [tid=000] Number of Telescope: 4
00:58:07 [ INFO  ] mat_cal_vis_lib: [tid=000] Number of base: 6
00:58:07 [ INFO  ] mat_cal_vis_lib: [tid=000] Number of blocks: 1
00:58:07 [ INFO  ] mat_oifits_save: [tid=000] Save oifits
00:58:07 [ INFO  ] cpl_dfs_product_save: [tid=000] Writing FITS propertylist product(CAL_VIS2): CALVIS_TARGET_RAW_INT_0001.fits
00:58:07 [ INFO  ] mat_oifits_delete: [tid=000] Delete oifits
00:58:07 [ INFO  ] mat_oifits_delete: [tid=000] Delete oifits
00:58:07 [ INFO  ] mat_cal_oifits: [tid=000] ****************************************************
00:58:07 [ INFO  ] mat_cal_oifits: [tid=000] Starting mat_cal_cphase
00:58:07 [ INFO  ] mat_cal_oifits: [tid=000] ****************************************************
00:58:07 [ INFO  ] mat_oifits_load: [tid=000] Load oifits
00:58:07 [ INFO  ] mat_oifits_add_array: [tid=000] Add array
00:58:07 [ INFO  ] mat_oifits_add_wavelength: [tid=000] Add wavelength
00:58:07 [ INFO  ] mat_oivis2_from_table: [tid=000] VIS2 table has 64 wavelength data
00:58:07 [ INFO  ] mat_oifits_add_vis2: [tid=000] Add vis2
00:58:07 [ INFO  ] mat_oifits_find_tupel: [tid=000] Find tuple
00:58:07 [ INFO  ] mat_oifits_select_tupel: [tid=000] Select tuple
00:58:07 [ INFO  ] mat_oit3_from_table: [tid=000] T3 table has 64 wavelength data
00:58:07 [ INFO  ] mat_oifits_add_t3: [tid=000] Add T3
00:58:07 [ INFO  ] mat_oifits_find_tupel: [tid=000] Find tuple
00:58:07 [ INFO  ] mat_oifits_select_tupel: [tid=000] Select tuple
00:58:07 [ INFO  ] mat_oivis_from_table: [tid=000] VIS table has 64 wavelength data
00:58:07 [ INFO  ] mat_oifits_add_vis: [tid=000] Add vis
00:58:07 [ INFO  ] mat_oifits_find_tupel: [tid=000] Find tuple
00:58:07 [ INFO  ] mat_oifits_select_tupel: [tid=000] Select tuple
00:58:08 [ INFO  ] mat_oifits_load: [tid=000] Load oifits
00:58:08 [ INFO  ] mat_oifits_add_array: [tid=000] Add array
00:58:08 [ INFO  ] mat_oifits_add_wavelength: [tid=000] Add wavelength
00:58:08 [ INFO  ] mat_oivis2_from_table: [tid=000] VIS2 table has 64 wavelength data
00:58:08 [ INFO  ] mat_oifits_add_vis2: [tid=000] Add vis2
00:58:08 [ INFO  ] mat_oifits_find_tupel: [tid=000] Find tuple
00:58:08 [ INFO  ] mat_oifits_select_tupel: [tid=000] Select tuple
00:58:08 [ INFO  ] mat_oit3_from_table: [tid=000] T3 table has 64 wavelength data
00:58:08 [ INFO  ] mat_oifits_add_t3: [tid=000] Add T3
00:58:08 [ INFO  ] mat_oifits_find_tupel: [tid=000] Find tuple
00:58:08 [ INFO  ] mat_oifits_select_tupel: [tid=000] Select tuple
00:58:08 [ INFO  ] mat_oivis_from_table: [tid=000] VIS table has 64 wavelength data
00:58:08 [ INFO  ] mat_oifits_add_vis: [tid=000] Add vis
00:58:08 [ INFO  ] mat_oifits_find_tupel: [tid=000] Find tuple
00:58:08 [ INFO  ] mat_oifits_select_tupel: [tid=000] Select tuple
00:58:08 [ INFO  ] mat_oitf2_from_table: [tid=000] TF2 table has 64 wavelength data
00:58:08 [ INFO  ] mat_oifits_add_tf2: [tid=000] Add TF2
00:58:08 [ INFO  ] mat_oifits_find_tupel: [tid=000] Find tuple
00:58:08 [ INFO  ] mat_oifits_select_tupel: [tid=000] Select tuple
00:58:08 [ INFO  ] mat_oifits_save: [tid=000] Save oifits
00:58:08 [ INFO  ] cpl_dfs_product_save: [tid=000] Writing FITS propertylist product(CAL_CPHASE): CALCPHASE_TARGET_RAW_INT_0001.fits
00:58:08 [ INFO  ] mat_oifits_delete: [tid=000] Delete oifits
00:58:08 [ INFO  ] mat_oifits_delete: [tid=000] Delete oifits
00:58:08 [ INFO  ] mat_cal_oifits: [tid=000] ****************************************************
00:58:08 [ INFO  ] mat_cal_oifits: [tid=000] Starting mat_cal_dphase
00:58:08 [ INFO  ] mat_cal_oifits: [tid=000] ****************************************************
00:58:08 [ INFO  ] mat_oifits_load: [tid=000] Load oifits
00:58:08 [ INFO  ] mat_oifits_add_array: [tid=000] Add array
00:58:08 [ INFO  ] mat_oifits_add_wavelength: [tid=000] Add wavelength
00:58:08 [ INFO  ] mat_oivis2_from_table: [tid=000] VIS2 table has 64 wavelength data
00:58:08 [ INFO  ] mat_oifits_add_vis2: [tid=000] Add vis2
00:58:08 [ INFO  ] mat_oifits_find_tupel: [tid=000] Find tuple
00:58:08 [ INFO  ] mat_oifits_select_tupel: [tid=000] Select tuple
00:58:08 [ INFO  ] mat_oit3_from_table: [tid=000] T3 table has 64 wavelength data
00:58:08 [ INFO  ] mat_oifits_add_t3: [tid=000] Add T3
00:58:08 [ INFO  ] mat_oifits_find_tupel: [tid=000] Find tuple
00:58:08 [ INFO  ] mat_oifits_select_tupel: [tid=000] Select tuple
00:58:08 [ INFO  ] mat_oivis_from_table: [tid=000] VIS table has 64 wavelength data
00:58:08 [ INFO  ] mat_oifits_add_vis: [tid=000] Add vis
00:58:08 [ INFO  ] mat_oifits_find_tupel: [tid=000] Find tuple
00:58:08 [ INFO  ] mat_oifits_select_tupel: [tid=000] Select tuple
00:58:08 [ INFO  ] mat_oifits_load: [tid=000] Load oifits
00:58:08 [ INFO  ] mat_oifits_add_array: [tid=000] Add array
00:58:08 [ INFO  ] mat_oifits_add_wavelength: [tid=000] Add wavelength
00:58:08 [ INFO  ] mat_oivis2_from_table: [tid=000] VIS2 table has 64 wavelength data
00:58:08 [ INFO  ] mat_oifits_add_vis2: [tid=000] Add vis2
00:58:08 [ INFO  ] mat_oifits_find_tupel: [tid=000] Find tuple
00:58:08 [ INFO  ] mat_oifits_select_tupel: [tid=000] Select tuple
00:58:08 [ INFO  ] mat_oit3_from_table: [tid=000] T3 table has 64 wavelength data
00:58:08 [ INFO  ] mat_oifits_add_t3: [tid=000] Add T3
00:58:08 [ INFO  ] mat_oifits_find_tupel: [tid=000] Find tuple
00:58:08 [ INFO  ] mat_oifits_select_tupel: [tid=000] Select tuple
00:58:08 [ INFO  ] mat_oivis_from_table: [tid=000] VIS table has 64 wavelength data
00:58:08 [ INFO  ] mat_oifits_add_vis: [tid=000] Add vis
00:58:08 [ INFO  ] mat_oifits_find_tupel: [tid=000] Find tuple
00:58:08 [ INFO  ] mat_oifits_select_tupel: [tid=000] Select tuple
00:58:08 [ INFO  ] mat_oitf2_from_table: [tid=000] TF2 table has 64 wavelength data
00:58:08 [ INFO  ] mat_oifits_add_tf2: [tid=000] Add TF2
00:58:08 [ INFO  ] mat_oifits_find_tupel: [tid=000] Find tuple
00:58:08 [ INFO  ] mat_oifits_select_tupel: [tid=000] Select tuple
00:58:08 [ INFO  ] mat_oifits_save: [tid=000] Save oifits
00:58:08 [ INFO  ] cpl_dfs_product_save: [tid=000] Writing FITS propertylist product(CAL_DPHASE): CALDPHASE_TARGET_RAW_INT_0001.fits
00:58:08 [ INFO  ] mat_oifits_delete: [tid=000] Delete oifits
00:58:08 [ INFO  ] mat_oifits_delete: [tid=000] Delete oifits
00:58:08 [ INFO  ] mat_cal_oifits: [tid=000] ****************************************************
00:58:08 [ INFO  ] mat_cal_oifits: [tid=000] Starting mat_merge_results
00:58:08 [ INFO  ] mat_cal_oifits: [tid=000] ****************************************************
00:58:08 [ INFO  ] mat_merge_results_lib: [tid=000] Merging results...
00:58:08 [ INFO  ] mat_oivis2_from_table: [tid=000] VIS2 table has 64 wavelength data
00:58:08 [ INFO  ] mat_oit3_from_table: [tid=000] T3 table has 64 wavelength data
00:58:08 [ INFO  ] mat_merge_results_lib: [tid=000] OIVIS Merging...
00:58:08 [ INFO  ] mat_oivis_from_table: [tid=000] VIS table has 64 wavelength data
00:58:08 [ INFO  ] mat_merge_results_lib: [tid=000] OITF2...
00:58:08 [ INFO  ] mat_merge_results_lib: [tid=000] New OIVIS2...
00:58:08 [ INFO  ] mat_merge_results_lib: [tid=000] OIVIS Merging 2...
00:58:08 [ INFO  ] mat_merge_results_lib: [tid=000] T3 Merging...
00:58:08 [ INFO  ] mat_merge_results_lib: [tid=000] Number of keywords PRO.REC erased = 103
00:58:08 [ INFO  ] mat_merge_results_lib: [tid=000] Number of keywords PRO.DATANCOM erased = 1
00:58:08 [ INFO  ] mat_oifits_save: [tid=000] Save oifits
00:58:08 [ INFO  ] cpl_dfs_product_save: [tid=000] Writing FITS propertylist product(TARGET_CAL_INT): TARGET_CAL_INT_0001.fits
00:58:08 [ INFO  ] mat_oifits_delete: [tid=000] Delete oifits
00:58:08 [ INFO  ] mat_oifits_delete: [tid=000] Delete oifits
00:58:08 [ INFO  ] mat_cal_oifits: [tid=000] Processing frames BCD IN-OUT - No Chop
00:58:08 [ INFO  ] mat_oifits_load: [tid=000] Load oifits
00:58:08 [ INFO  ] mat_oifits_add_array: [tid=000] Add array
00:58:08 [ INFO  ] mat_oifits_add_wavelength: [tid=000] Add wavelength
00:58:08 [ INFO  ] mat_oivis2_from_table: [tid=000] VIS2 table has 64 wavelength data
00:58:08 [ INFO  ] mat_oifits_add_vis2: [tid=000] Add vis2
00:58:08 [ INFO  ] mat_oifits_find_tupel: [tid=000] Find tuple
00:58:08 [ INFO  ] mat_oifits_select_tupel: [tid=000] Select tuple
00:58:08 [ INFO  ] mat_oit3_from_table: [tid=000] T3 table has 64 wavelength data
00:58:08 [ INFO  ] mat_oifits_add_t3: [tid=000] Add T3
00:58:08 [ INFO  ] mat_oifits_find_tupel: [tid=000] Find tuple
00:58:08 [ INFO  ] mat_oifits_select_tupel: [tid=000] Select tuple
00:58:08 [ INFO  ] mat_oivis_from_table: [tid=000] VIS table has 64 wavelength data
00:58:08 [ INFO  ] mat_oifits_add_vis: [tid=000] Add vis
00:58:08 [ INFO  ] mat_oifits_find_tupel: [tid=000] Find tuple
00:58:08 [ INFO  ] mat_oifits_select_tupel: [tid=000] Select tuple
00:58:08 [ INFO  ] mat_cal_oifits: [tid=000] ****************************************************
00:58:08 [ INFO  ] mat_cal_oifits: [tid=000] Starting mat_cal_vis
00:58:08 [ INFO  ] mat_cal_oifits: [tid=000] ****************************************************
00:58:09 [ INFO  ] mat_oifits_load: [tid=000] Load oifits
00:58:09 [ INFO  ] mat_oifits_add_array: [tid=000] Add array
00:58:09 [ INFO  ] mat_oifits_add_wavelength: [tid=000] Add wavelength
00:58:09 [ INFO  ] mat_oivis2_from_table: [tid=000] VIS2 table has 64 wavelength data
00:58:09 [ INFO  ] mat_oifits_add_vis2: [tid=000] Add vis2
00:58:09 [ INFO  ] mat_oifits_find_tupel: [tid=000] Find tuple
00:58:09 [ INFO  ] mat_oifits_select_tupel: [tid=000] Select tuple
00:58:09 [ INFO  ] mat_oit3_from_table: [tid=000] T3 table has 64 wavelength data
00:58:09 [ INFO  ] mat_oifits_add_t3: [tid=000] Add T3
00:58:09 [ INFO  ] mat_oifits_find_tupel: [tid=000] Find tuple
00:58:09 [ INFO  ] mat_oifits_select_tupel: [tid=000] Select tuple
00:58:09 [ INFO  ] mat_oivis_from_table: [tid=000] VIS table has 64 wavelength data
00:58:09 [ INFO  ] mat_oifits_add_vis: [tid=000] Add vis
00:58:09 [ INFO  ] mat_oifits_find_tupel: [tid=000] Find tuple
00:58:09 [ INFO  ] mat_oifits_select_tupel: [tid=000] Select tuple
00:58:09 [ INFO  ] mat_oifits_load: [tid=000] Load oifits
00:58:09 [ INFO  ] mat_oifits_add_array: [tid=000] Add array
00:58:09 [ INFO  ] mat_oifits_add_wavelength: [tid=000] Add wavelength
00:58:09 [ INFO  ] mat_oivis2_from_table: [tid=000] VIS2 table has 64 wavelength data
00:58:09 [ INFO  ] mat_oifits_add_vis2: [tid=000] Add vis2
00:58:09 [ INFO  ] mat_oifits_find_tupel: [tid=000] Find tuple
00:58:09 [ INFO  ] mat_oifits_select_tupel: [tid=000] Select tuple
00:58:09 [ INFO  ] mat_oit3_from_table: [tid=000] T3 table has 64 wavelength data
00:58:09 [ INFO  ] mat_oifits_add_t3: [tid=000] Add T3
00:58:09 [ INFO  ] mat_oifits_find_tupel: [tid=000] Find tuple
00:58:09 [ INFO  ] mat_oifits_select_tupel: [tid=000] Select tuple
00:58:09 [ INFO  ] mat_oivis_from_table: [tid=000] VIS table has 64 wavelength data
00:58:09 [ INFO  ] mat_oifits_add_vis: [tid=000] Add vis
00:58:09 [ INFO  ] mat_oifits_find_tupel: [tid=000] Find tuple
00:58:09 [ INFO  ] mat_oifits_select_tupel: [tid=000] Select tuple
00:58:09 [ INFO  ] mat_oitf2_from_table: [tid=000] TF2 table has 64 wavelength data
00:58:09 [ INFO  ] mat_oifits_add_tf2: [tid=000] Add TF2
00:58:09 [ INFO  ] mat_oifits_find_tupel: [tid=000] Find tuple
00:58:09 [ INFO  ] mat_oifits_select_tupel: [tid=000] Select tuple
00:58:09 [ INFO  ] mat_cal_vis_lib: [tid=000] Number of Telescope: 4
00:58:09 [ INFO  ] mat_cal_vis_lib: [tid=000] Number of base: 6
00:58:09 [ INFO  ] mat_cal_vis_lib: [tid=000] Number of blocks: 1
00:58:09 [ INFO  ] mat_oifits_save: [tid=000] Save oifits
00:58:09 [ INFO  ] cpl_dfs_product_save: [tid=000] Writing FITS propertylist product(CAL_VIS2): CALVIS_TARGET_RAW_INT_0003.fits
00:58:09 [ INFO  ] mat_oifits_delete: [tid=000] Delete oifits
00:58:09 [ INFO  ] mat_oifits_delete: [tid=000] Delete oifits
00:58:09 [ INFO  ] mat_cal_oifits: [tid=000] ****************************************************
00:58:09 [ INFO  ] mat_cal_oifits: [tid=000] Starting mat_cal_cphase
00:58:09 [ INFO  ] mat_cal_oifits: [tid=000] ****************************************************
00:58:09 [ INFO  ] mat_oifits_load: [tid=000] Load oifits
00:58:09 [ INFO  ] mat_oifits_add_array: [tid=000] Add array
00:58:09 [ INFO  ] mat_oifits_add_wavelength: [tid=000] Add wavelength
00:58:09 [ INFO  ] mat_oivis2_from_table: [tid=000] VIS2 table has 64 wavelength data
00:58:09 [ INFO  ] mat_oifits_add_vis2: [tid=000] Add vis2
00:58:09 [ INFO  ] mat_oifits_find_tupel: [tid=000] Find tuple
00:58:09 [ INFO  ] mat_oifits_select_tupel: [tid=000] Select tuple
00:58:09 [ INFO  ] mat_oit3_from_table: [tid=000] T3 table has 64 wavelength data
00:58:09 [ INFO  ] mat_oifits_add_t3: [tid=000] Add T3
00:58:09 [ INFO  ] mat_oifits_find_tupel: [tid=000] Find tuple
00:58:09 [ INFO  ] mat_oifits_select_tupel: [tid=000] Select tuple
00:58:09 [ INFO  ] mat_oivis_from_table: [tid=000] VIS table has 64 wavelength data
00:58:09 [ INFO  ] mat_oifits_add_vis: [tid=000] Add vis
00:58:09 [ INFO  ] mat_oifits_find_tupel: [tid=000] Find tuple
00:58:09 [ INFO  ] mat_oifits_select_tupel: [tid=000] Select tuple
00:58:09 [ INFO  ] mat_oifits_load: [tid=000] Load oifits
00:58:09 [ INFO  ] mat_oifits_add_array: [tid=000] Add array
00:58:09 [ INFO  ] mat_oifits_add_wavelength: [tid=000] Add wavelength
00:58:09 [ INFO  ] mat_oivis2_from_table: [tid=000] VIS2 table has 64 wavelength data
00:58:09 [ INFO  ] mat_oifits_add_vis2: [tid=000] Add vis2
00:58:09 [ INFO  ] mat_oifits_find_tupel: [tid=000] Find tuple
00:58:09 [ INFO  ] mat_oifits_select_tupel: [tid=000] Select tuple
00:58:09 [ INFO  ] mat_oit3_from_table: [tid=000] T3 table has 64 wavelength data
00:58:09 [ INFO  ] mat_oifits_add_t3: [tid=000] Add T3
00:58:09 [ INFO  ] mat_oifits_find_tupel: [tid=000] Find tuple
00:58:09 [ INFO  ] mat_oifits_select_tupel: [tid=000] Select tuple
00:58:09 [ INFO  ] mat_oivis_from_table: [tid=000] VIS table has 64 wavelength data
00:58:09 [ INFO  ] mat_oifits_add_vis: [tid=000] Add vis
00:58:09 [ INFO  ] mat_oifits_find_tupel: [tid=000] Find tuple
00:58:09 [ INFO  ] mat_oifits_select_tupel: [tid=000] Select tuple
00:58:09 [ INFO  ] mat_oitf2_from_table: [tid=000] TF2 table has 64 wavelength data
00:58:09 [ INFO  ] mat_oifits_add_tf2: [tid=000] Add TF2
00:58:09 [ INFO  ] mat_oifits_find_tupel: [tid=000] Find tuple
00:58:09 [ INFO  ] mat_oifits_select_tupel: [tid=000] Select tuple
00:58:09 [ INFO  ] mat_oifits_save: [tid=000] Save oifits
00:58:09 [ INFO  ] cpl_dfs_product_save: [tid=000] Writing FITS propertylist product(CAL_CPHASE): CALCPHASE_TARGET_RAW_INT_0003.fits
00:58:09 [ INFO  ] mat_oifits_delete: [tid=000] Delete oifits
00:58:09 [ INFO  ] mat_oifits_delete: [tid=000] Delete oifits
00:58:09 [ INFO  ] mat_cal_oifits: [tid=000] ****************************************************
00:58:09 [ INFO  ] mat_cal_oifits: [tid=000] Starting mat_cal_dphase
00:58:09 [ INFO  ] mat_cal_oifits: [tid=000] ****************************************************
00:58:10 [ INFO  ] mat_oifits_load: [tid=000] Load oifits
00:58:10 [ INFO  ] mat_oifits_add_array: [tid=000] Add array
00:58:10 [ INFO  ] mat_oifits_add_wavelength: [tid=000] Add wavelength
00:58:10 [ INFO  ] mat_oivis2_from_table: [tid=000] VIS2 table has 64 wavelength data
00:58:10 [ INFO  ] mat_oifits_add_vis2: [tid=000] Add vis2
00:58:10 [ INFO  ] mat_oifits_find_tupel: [tid=000] Find tuple
00:58:10 [ INFO  ] mat_oifits_select_tupel: [tid=000] Select tuple
00:58:10 [ INFO  ] mat_oit3_from_table: [tid=000] T3 table has 64 wavelength data
00:58:10 [ INFO  ] mat_oifits_add_t3: [tid=000] Add T3
00:58:10 [ INFO  ] mat_oifits_find_tupel: [tid=000] Find tuple
00:58:10 [ INFO  ] mat_oifits_select_tupel: [tid=000] Select tuple
00:58:10 [ INFO  ] mat_oivis_from_table: [tid=000] VIS table has 64 wavelength data
00:58:10 [ INFO  ] mat_oifits_add_vis: [tid=000] Add vis
00:58:10 [ INFO  ] mat_oifits_find_tupel: [tid=000] Find tuple
00:58:10 [ INFO  ] mat_oifits_select_tupel: [tid=000] Select tuple
00:58:10 [ INFO  ] mat_oifits_load: [tid=000] Load oifits
00:58:10 [ INFO  ] mat_oifits_add_array: [tid=000] Add array
00:58:10 [ INFO  ] mat_oifits_add_wavelength: [tid=000] Add wavelength
00:58:10 [ INFO  ] mat_oivis2_from_table: [tid=000] VIS2 table has 64 wavelength data
00:58:10 [ INFO  ] mat_oifits_add_vis2: [tid=000] Add vis2
00:58:10 [ INFO  ] mat_oifits_find_tupel: [tid=000] Find tuple
00:58:10 [ INFO  ] mat_oifits_select_tupel: [tid=000] Select tuple
00:58:10 [ INFO  ] mat_oit3_from_table: [tid=000] T3 table has 64 wavelength data
00:58:10 [ INFO  ] mat_oifits_add_t3: [tid=000] Add T3
00:58:10 [ INFO  ] mat_oifits_find_tupel: [tid=000] Find tuple
00:58:10 [ INFO  ] mat_oifits_select_tupel: [tid=000] Select tuple
00:58:10 [ INFO  ] mat_oivis_from_table: [tid=000] VIS table has 64 wavelength data
00:58:10 [ INFO  ] mat_oifits_add_vis: [tid=000] Add vis
00:58:10 [ INFO  ] mat_oifits_find_tupel: [tid=000] Find tuple
00:58:10 [ INFO  ] mat_oifits_select_tupel: [tid=000] Select tuple
00:58:10 [ INFO  ] mat_oitf2_from_table: [tid=000] TF2 table has 64 wavelength data
00:58:10 [ INFO  ] mat_oifits_add_tf2: [tid=000] Add TF2
00:58:10 [ INFO  ] mat_oifits_find_tupel: [tid=000] Find tuple
00:58:10 [ INFO  ] mat_oifits_select_tupel: [tid=000] Select tuple
00:58:10 [ INFO  ] mat_oifits_save: [tid=000] Save oifits
00:58:10 [ INFO  ] cpl_dfs_product_save: [tid=000] Writing FITS propertylist product(CAL_DPHASE): CALDPHASE_TARGET_RAW_INT_0003.fits
00:58:10 [ INFO  ] mat_oifits_delete: [tid=000] Delete oifits
00:58:10 [ INFO  ] mat_oifits_delete: [tid=000] Delete oifits
00:58:10 [ INFO  ] mat_cal_oifits: [tid=000] ****************************************************
00:58:10 [ INFO  ] mat_cal_oifits: [tid=000] Starting mat_merge_results
00:58:10 [ INFO  ] mat_cal_oifits: [tid=000] ****************************************************
00:58:10 [ INFO  ] mat_merge_results_lib: [tid=000] Merging results...
00:58:10 [ INFO  ] mat_oivis2_from_table: [tid=000] VIS2 table has 64 wavelength data
00:58:10 [ INFO  ] mat_oit3_from_table: [tid=000] T3 table has 64 wavelength data
00:58:10 [ INFO  ] mat_merge_results_lib: [tid=000] OIVIS Merging...
00:58:10 [ INFO  ] mat_oivis_from_table: [tid=000] VIS table has 64 wavelength data
00:58:10 [ INFO  ] mat_merge_results_lib: [tid=000] OITF2...
00:58:10 [ INFO  ] mat_merge_results_lib: [tid=000] New OIVIS2...
00:58:10 [ INFO  ] mat_merge_results_lib: [tid=000] OIVIS Merging 2...
00:58:10 [ INFO  ] mat_merge_results_lib: [tid=000] T3 Merging...
00:58:10 [ INFO  ] mat_merge_results_lib: [tid=000] Number of keywords PRO.REC erased = 103
00:58:10 [ INFO  ] mat_merge_results_lib: [tid=000] Number of keywords PRO.DATANCOM erased = 1
00:58:10 [ INFO  ] mat_oifits_save: [tid=000] Save oifits
00:58:10 [ INFO  ] cpl_dfs_product_save: [tid=000] Writing FITS propertylist product(TARGET_CAL_INT): TARGET_CAL_INT_0003.fits
00:58:10 [ INFO  ] mat_oifits_delete: [tid=000] Delete oifits
00:58:10 [ INFO  ] mat_oifits_delete: [tid=000] Delete oifits
00:58:10 [ INFO  ] mat_cal_oifits: [tid=000] Processing frames BCD OUT-IN - No Chop
00:58:10 [ INFO  ] mat_oifits_load: [tid=000] Load oifits
00:58:10 [ INFO  ] mat_oifits_add_array: [tid=000] Add array
00:58:10 [ INFO  ] mat_oifits_add_wavelength: [tid=000] Add wavelength
00:58:10 [ INFO  ] mat_oivis2_from_table: [tid=000] VIS2 table has 64 wavelength data
00:58:10 [ INFO  ] mat_oifits_add_vis2: [tid=000] Add vis2
00:58:10 [ INFO  ] mat_oifits_find_tupel: [tid=000] Find tuple
00:58:10 [ INFO  ] mat_oifits_select_tupel: [tid=000] Select tuple
00:58:10 [ INFO  ] mat_oit3_from_table: [tid=000] T3 table has 64 wavelength data
00:58:10 [ INFO  ] mat_oifits_add_t3: [tid=000] Add T3
00:58:10 [ INFO  ] mat_oifits_find_tupel: [tid=000] Find tuple
00:58:10 [ INFO  ] mat_oifits_select_tupel: [tid=000] Select tuple
00:58:10 [ INFO  ] mat_oivis_from_table: [tid=000] VIS table has 64 wavelength data
00:58:10 [ INFO  ] mat_oifits_add_vis: [tid=000] Add vis
00:58:10 [ INFO  ] mat_oifits_find_tupel: [tid=000] Find tuple
00:58:10 [ INFO  ] mat_oifits_select_tupel: [tid=000] Select tuple
00:58:10 [ INFO  ] mat_cal_oifits: [tid=000] ****************************************************
00:58:10 [ INFO  ] mat_cal_oifits: [tid=000] Starting mat_cal_vis
00:58:10 [ INFO  ] mat_cal_oifits: [tid=000] ****************************************************
00:58:10 [ INFO  ] mat_oifits_load: [tid=000] Load oifits
00:58:10 [ INFO  ] mat_oifits_add_array: [tid=000] Add array
00:58:10 [ INFO  ] mat_oifits_add_wavelength: [tid=000] Add wavelength
00:58:10 [ INFO  ] mat_oivis2_from_table: [tid=000] VIS2 table has 64 wavelength data
00:58:10 [ INFO  ] mat_oifits_add_vis2: [tid=000] Add vis2
00:58:10 [ INFO  ] mat_oifits_find_tupel: [tid=000] Find tuple
00:58:10 [ INFO  ] mat_oifits_select_tupel: [tid=000] Select tuple
00:58:10 [ INFO  ] mat_oit3_from_table: [tid=000] T3 table has 64 wavelength data
00:58:10 [ INFO  ] mat_oifits_add_t3: [tid=000] Add T3
00:58:10 [ INFO  ] mat_oifits_find_tupel: [tid=000] Find tuple
00:58:10 [ INFO  ] mat_oifits_select_tupel: [tid=000] Select tuple
00:58:11 [ INFO  ] mat_oivis_from_table: [tid=000] VIS table has 64 wavelength data
00:58:11 [ INFO  ] mat_oifits_add_vis: [tid=000] Add vis
00:58:11 [ INFO  ] mat_oifits_find_tupel: [tid=000] Find tuple
00:58:11 [ INFO  ] mat_oifits_select_tupel: [tid=000] Select tuple
00:58:11 [ INFO  ] mat_oifits_load: [tid=000] Load oifits
00:58:11 [ INFO  ] mat_oifits_add_array: [tid=000] Add array
00:58:11 [ INFO  ] mat_oifits_add_wavelength: [tid=000] Add wavelength
00:58:11 [ INFO  ] mat_oivis2_from_table: [tid=000] VIS2 table has 64 wavelength data
00:58:11 [ INFO  ] mat_oifits_add_vis2: [tid=000] Add vis2
00:58:11 [ INFO  ] mat_oifits_find_tupel: [tid=000] Find tuple
00:58:11 [ INFO  ] mat_oifits_select_tupel: [tid=000] Select tuple
00:58:11 [ INFO  ] mat_oit3_from_table: [tid=000] T3 table has 64 wavelength data
00:58:11 [ INFO  ] mat_oifits_add_t3: [tid=000] Add T3
00:58:11 [ INFO  ] mat_oifits_find_tupel: [tid=000] Find tuple
00:58:11 [ INFO  ] mat_oifits_select_tupel: [tid=000] Select tuple
00:58:11 [ INFO  ] mat_oivis_from_table: [tid=000] VIS table has 64 wavelength data
00:58:11 [ INFO  ] mat_oifits_add_vis: [tid=000] Add vis
00:58:11 [ INFO  ] mat_oifits_find_tupel: [tid=000] Find tuple
00:58:11 [ INFO  ] mat_oifits_select_tupel: [tid=000] Select tuple
00:58:11 [ INFO  ] mat_oitf2_from_table: [tid=000] TF2 table has 64 wavelength data
00:58:11 [ INFO  ] mat_oifits_add_tf2: [tid=000] Add TF2
00:58:11 [ INFO  ] mat_oifits_find_tupel: [tid=000] Find tuple
00:58:11 [ INFO  ] mat_oifits_select_tupel: [tid=000] Select tuple
00:58:11 [ INFO  ] mat_cal_vis_lib: [tid=000] Number of Telescope: 4
00:58:11 [ INFO  ] mat_cal_vis_lib: [tid=000] Number of base: 6
00:58:11 [ INFO  ] mat_cal_vis_lib: [tid=000] Number of blocks: 1
00:58:11 [ INFO  ] mat_oifits_save: [tid=000] Save oifits
00:58:11 [ INFO  ] cpl_dfs_product_save: [tid=000] Writing FITS propertylist product(CAL_VIS2): CALVIS_TARGET_RAW_INT_0004.fits
00:58:11 [ INFO  ] mat_oifits_delete: [tid=000] Delete oifits
00:58:11 [ INFO  ] mat_oifits_delete: [tid=000] Delete oifits
00:58:11 [ INFO  ] mat_cal_oifits: [tid=000] ****************************************************
00:58:11 [ INFO  ] mat_cal_oifits: [tid=000] Starting mat_cal_cphase
00:58:11 [ INFO  ] mat_cal_oifits: [tid=000] ****************************************************
00:58:11 [ INFO  ] mat_oifits_load: [tid=000] Load oifits
00:58:11 [ INFO  ] mat_oifits_add_array: [tid=000] Add array
00:58:11 [ INFO  ] mat_oifits_add_wavelength: [tid=000] Add wavelength
00:58:11 [ INFO  ] mat_oivis2_from_table: [tid=000] VIS2 table has 64 wavelength data
00:58:11 [ INFO  ] mat_oifits_add_vis2: [tid=000] Add vis2
00:58:11 [ INFO  ] mat_oifits_find_tupel: [tid=000] Find tuple
00:58:11 [ INFO  ] mat_oifits_select_tupel: [tid=000] Select tuple
00:58:11 [ INFO  ] mat_oit3_from_table: [tid=000] T3 table has 64 wavelength data
00:58:11 [ INFO  ] mat_oifits_add_t3: [tid=000] Add T3
00:58:11 [ INFO  ] mat_oifits_find_tupel: [tid=000] Find tuple
00:58:11 [ INFO  ] mat_oifits_select_tupel: [tid=000] Select tuple
00:58:11 [ INFO  ] mat_oivis_from_table: [tid=000] VIS table has 64 wavelength data
00:58:11 [ INFO  ] mat_oifits_add_vis: [tid=000] Add vis
00:58:11 [ INFO  ] mat_oifits_find_tupel: [tid=000] Find tuple
00:58:11 [ INFO  ] mat_oifits_select_tupel: [tid=000] Select tuple
00:58:11 [ INFO  ] mat_oifits_load: [tid=000] Load oifits
00:58:11 [ INFO  ] mat_oifits_add_array: [tid=000] Add array
00:58:11 [ INFO  ] mat_oifits_add_wavelength: [tid=000] Add wavelength
00:58:11 [ INFO  ] mat_oivis2_from_table: [tid=000] VIS2 table has 64 wavelength data
00:58:11 [ INFO  ] mat_oifits_add_vis2: [tid=000] Add vis2
00:58:11 [ INFO  ] mat_oifits_find_tupel: [tid=000] Find tuple
00:58:11 [ INFO  ] mat_oifits_select_tupel: [tid=000] Select tuple
00:58:11 [ INFO  ] mat_oit3_from_table: [tid=000] T3 table has 64 wavelength data
00:58:11 [ INFO  ] mat_oifits_add_t3: [tid=000] Add T3
00:58:11 [ INFO  ] mat_oifits_find_tupel: [tid=000] Find tuple
00:58:11 [ INFO  ] mat_oifits_select_tupel: [tid=000] Select tuple
00:58:11 [ INFO  ] mat_oivis_from_table: [tid=000] VIS table has 64 wavelength data
00:58:11 [ INFO  ] mat_oifits_add_vis: [tid=000] Add vis
00:58:11 [ INFO  ] mat_oifits_find_tupel: [tid=000] Find tuple
00:58:11 [ INFO  ] mat_oifits_select_tupel: [tid=000] Select tuple
00:58:11 [ INFO  ] mat_oitf2_from_table: [tid=000] TF2 table has 64 wavelength data
00:58:11 [ INFO  ] mat_oifits_add_tf2: [tid=000] Add TF2
00:58:11 [ INFO  ] mat_oifits_find_tupel: [tid=000] Find tuple
00:58:11 [ INFO  ] mat_oifits_select_tupel: [tid=000] Select tuple
00:58:11 [ INFO  ] mat_oifits_save: [tid=000] Save oifits
00:58:11 [ INFO  ] cpl_dfs_product_save: [tid=000] Writing FITS propertylist product(CAL_CPHASE): CALCPHASE_TARGET_RAW_INT_0004.fits
00:58:11 [ INFO  ] mat_oifits_delete: [tid=000] Delete oifits
00:58:11 [ INFO  ] mat_oifits_delete: [tid=000] Delete oifits
00:58:11 [ INFO  ] mat_cal_oifits: [tid=000] ****************************************************
00:58:11 [ INFO  ] mat_cal_oifits: [tid=000] Starting mat_cal_dphase
00:58:11 [ INFO  ] mat_cal_oifits: [tid=000] ****************************************************
00:58:12 [ INFO  ] mat_oifits_load: [tid=000] Load oifits
00:58:12 [ INFO  ] mat_oifits_add_array: [tid=000] Add array
00:58:12 [ INFO  ] mat_oifits_add_wavelength: [tid=000] Add wavelength
00:58:12 [ INFO  ] mat_oivis2_from_table: [tid=000] VIS2 table has 64 wavelength data
00:58:12 [ INFO  ] mat_oifits_add_vis2: [tid=000] Add vis2
00:58:12 [ INFO  ] mat_oifits_find_tupel: [tid=000] Find tuple
00:58:12 [ INFO  ] mat_oifits_select_tupel: [tid=000] Select tuple
00:58:12 [ INFO  ] mat_oit3_from_table: [tid=000] T3 table has 64 wavelength data
00:58:12 [ INFO  ] mat_oifits_add_t3: [tid=000] Add T3
00:58:12 [ INFO  ] mat_oifits_find_tupel: [tid=000] Find tuple
00:58:12 [ INFO  ] mat_oifits_select_tupel: [tid=000] Select tuple
00:58:12 [ INFO  ] mat_oivis_from_table: [tid=000] VIS table has 64 wavelength data
00:58:12 [ INFO  ] mat_oifits_add_vis: [tid=000] Add vis
00:58:12 [ INFO  ] mat_oifits_find_tupel: [tid=000] Find tuple
00:58:12 [ INFO  ] mat_oifits_select_tupel: [tid=000] Select tuple
00:58:12 [ INFO  ] mat_oifits_load: [tid=000] Load oifits
00:58:12 [ INFO  ] mat_oifits_add_array: [tid=000] Add array
00:58:12 [ INFO  ] mat_oifits_add_wavelength: [tid=000] Add wavelength
00:58:12 [ INFO  ] mat_oivis2_from_table: [tid=000] VIS2 table has 64 wavelength data
00:58:12 [ INFO  ] mat_oifits_add_vis2: [tid=000] Add vis2
00:58:12 [ INFO  ] mat_oifits_find_tupel: [tid=000] Find tuple
00:58:12 [ INFO  ] mat_oifits_select_tupel: [tid=000] Select tuple
00:58:12 [ INFO  ] mat_oit3_from_table: [tid=000] T3 table has 64 wavelength data
00:58:12 [ INFO  ] mat_oifits_add_t3: [tid=000] Add T3
00:58:12 [ INFO  ] mat_oifits_find_tupel: [tid=000] Find tuple
00:58:12 [ INFO  ] mat_oifits_select_tupel: [tid=000] Select tuple
00:58:12 [ INFO  ] mat_oivis_from_table: [tid=000] VIS table has 64 wavelength data
00:58:12 [ INFO  ] mat_oifits_add_vis: [tid=000] Add vis
00:58:12 [ INFO  ] mat_oifits_find_tupel: [tid=000] Find tuple
00:58:12 [ INFO  ] mat_oifits_select_tupel: [tid=000] Select tuple
00:58:12 [ INFO  ] mat_oitf2_from_table: [tid=000] TF2 table has 64 wavelength data
00:58:12 [ INFO  ] mat_oifits_add_tf2: [tid=000] Add TF2
00:58:12 [ INFO  ] mat_oifits_find_tupel: [tid=000] Find tuple
00:58:12 [ INFO  ] mat_oifits_select_tupel: [tid=000] Select tuple
00:58:12 [ INFO  ] mat_oifits_save: [tid=000] Save oifits
00:58:12 [ INFO  ] cpl_dfs_product_save: [tid=000] Writing FITS propertylist product(CAL_DPHASE): CALDPHASE_TARGET_RAW_INT_0004.fits
00:58:12 [ INFO  ] mat_oifits_delete: [tid=000] Delete oifits
00:58:12 [ INFO  ] mat_oifits_delete: [tid=000] Delete oifits
00:58:12 [ INFO  ] mat_cal_oifits: [tid=000] ****************************************************
00:58:12 [ INFO  ] mat_cal_oifits: [tid=000] Starting mat_merge_results
00:58:12 [ INFO  ] mat_cal_oifits: [tid=000] ****************************************************
00:58:12 [ INFO  ] mat_merge_results_lib: [tid=000] Merging results...
00:58:12 [ INFO  ] mat_oivis2_from_table: [tid=000] VIS2 table has 64 wavelength data
00:58:12 [ INFO  ] mat_oit3_from_table: [tid=000] T3 table has 64 wavelength data
00:58:12 [ INFO  ] mat_merge_results_lib: [tid=000] OIVIS Merging...
00:58:12 [ INFO  ] mat_oivis_from_table: [tid=000] VIS table has 64 wavelength data
00:58:12 [ INFO  ] mat_merge_results_lib: [tid=000] OITF2...
00:58:12 [ INFO  ] mat_merge_results_lib: [tid=000] New OIVIS2...
00:58:12 [ INFO  ] mat_merge_results_lib: [tid=000] OIVIS Merging 2...
00:58:12 [ INFO  ] mat_merge_results_lib: [tid=000] T3 Merging...
00:58:12 [ INFO  ] mat_merge_results_lib: [tid=000] Number of keywords PRO.REC erased = 103
00:58:12 [ INFO  ] mat_merge_results_lib: [tid=000] Number of keywords PRO.DATANCOM erased = 1
00:58:12 [ INFO  ] mat_oifits_save: [tid=000] Save oifits
00:58:12 [ INFO  ] cpl_dfs_product_save: [tid=000] Writing FITS propertylist product(TARGET_CAL_INT): TARGET_CAL_INT_0004.fits
00:58:12 [ INFO  ] mat_oifits_delete: [tid=000] Delete oifits
00:58:12 [ INFO  ] mat_oifits_delete: [tid=000] Delete oifits
00:58:12 [ INFO  ] mat_cal_oifits: [tid=000] Processing frames BCD IN-IN - Chop
00:58:12 [ INFO  ] mat_oifits_load: [tid=000] Load oifits
00:58:12 [ INFO  ] mat_oifits_add_array: [tid=000] Add array
00:58:12 [ INFO  ] mat_oifits_add_wavelength: [tid=000] Add wavelength
00:58:12 [ INFO  ] mat_oivis2_from_table: [tid=000] VIS2 table has 64 wavelength data
00:58:12 [ INFO  ] mat_oifits_add_vis2: [tid=000] Add vis2
00:58:12 [ INFO  ] mat_oifits_find_tupel: [tid=000] Find tuple
00:58:12 [ INFO  ] mat_oifits_select_tupel: [tid=000] Select tuple
00:58:12 [ INFO  ] mat_oit3_from_table: [tid=000] T3 table has 64 wavelength data
00:58:12 [ INFO  ] mat_oifits_add_t3: [tid=000] Add T3
00:58:12 [ INFO  ] mat_oifits_find_tupel: [tid=000] Find tuple
00:58:12 [ INFO  ] mat_oifits_select_tupel: [tid=000] Select tuple
00:58:12 [ INFO  ] mat_oivis_from_table: [tid=000] VIS table has 64 wavelength data
00:58:12 [ INFO  ] mat_oifits_add_vis: [tid=000] Add vis
00:58:12 [ INFO  ] mat_oifits_find_tupel: [tid=000] Find tuple
00:58:12 [ INFO  ] mat_oifits_select_tupel: [tid=000] Select tuple
00:58:12 [ INFO  ] mat_cal_oifits: [tid=000] ****************************************************
00:58:12 [ INFO  ] mat_cal_oifits: [tid=000] Starting mat_cal_vis
00:58:12 [ INFO  ] mat_cal_oifits: [tid=000] ****************************************************
00:58:12 [ INFO  ] mat_oifits_load: [tid=000] Load oifits
00:58:12 [ INFO  ] mat_oifits_add_array: [tid=000] Add array
00:58:12 [ INFO  ] mat_oifits_add_wavelength: [tid=000] Add wavelength
00:58:13 [ INFO  ] mat_oivis2_from_table: [tid=000] VIS2 table has 64 wavelength data
00:58:13 [ INFO  ] mat_oifits_add_vis2: [tid=000] Add vis2
00:58:13 [ INFO  ] mat_oifits_find_tupel: [tid=000] Find tuple
00:58:13 [ INFO  ] mat_oifits_select_tupel: [tid=000] Select tuple
00:58:13 [ INFO  ] mat_oit3_from_table: [tid=000] T3 table has 64 wavelength data
00:58:13 [ INFO  ] mat_oifits_add_t3: [tid=000] Add T3
00:58:13 [ INFO  ] mat_oifits_find_tupel: [tid=000] Find tuple
00:58:13 [ INFO  ] mat_oifits_select_tupel: [tid=000] Select tuple
00:58:13 [ INFO  ] mat_oivis_from_table: [tid=000] VIS table has 64 wavelength data
00:58:13 [ INFO  ] mat_oifits_add_vis: [tid=000] Add vis
00:58:13 [ INFO  ] mat_oifits_find_tupel: [tid=000] Find tuple
00:58:13 [ INFO  ] mat_oifits_select_tupel: [tid=000] Select tuple
00:58:13 [ INFO  ] mat_oifits_load: [tid=000] Load oifits
00:58:13 [ INFO  ] mat_oifits_add_array: [tid=000] Add array
00:58:13 [ INFO  ] mat_oifits_add_wavelength: [tid=000] Add wavelength
00:58:13 [ INFO  ] mat_oivis2_from_table: [tid=000] VIS2 table has 64 wavelength data
00:58:13 [ INFO  ] mat_oifits_add_vis2: [tid=000] Add vis2
00:58:13 [ INFO  ] mat_oifits_find_tupel: [tid=000] Find tuple
00:58:13 [ INFO  ] mat_oifits_select_tupel: [tid=000] Select tuple
00:58:13 [ INFO  ] mat_oit3_from_table: [tid=000] T3 table has 64 wavelength data
00:58:13 [ INFO  ] mat_oifits_add_t3: [tid=000] Add T3
00:58:13 [ INFO  ] mat_oifits_find_tupel: [tid=000] Find tuple
00:58:13 [ INFO  ] mat_oifits_select_tupel: [tid=000] Select tuple
00:58:13 [ INFO  ] mat_oivis_from_table: [tid=000] VIS table has 64 wavelength data
00:58:13 [ INFO  ] mat_oifits_add_vis: [tid=000] Add vis
00:58:13 [ INFO  ] mat_oifits_find_tupel: [tid=000] Find tuple
00:58:13 [ INFO  ] mat_oifits_select_tupel: [tid=000] Select tuple
00:58:13 [ INFO  ] mat_oitf2_from_table: [tid=000] TF2 table has 64 wavelength data
00:58:13 [ INFO  ] mat_oifits_add_tf2: [tid=000] Add TF2
00:58:13 [ INFO  ] mat_oifits_find_tupel: [tid=000] Find tuple
00:58:13 [ INFO  ] mat_oifits_select_tupel: [tid=000] Select tuple
00:58:13 [ INFO  ] mat_cal_vis_lib: [tid=000] Number of Telescope: 4
00:58:13 [ INFO  ] mat_cal_vis_lib: [tid=000] Number of base: 6
00:58:13 [ INFO  ] mat_cal_vis_lib: [tid=000] Number of blocks: 2
00:58:13 [ INFO  ] mat_oifits_save: [tid=000] Save oifits
00:58:13 [ INFO  ] cpl_dfs_product_save: [tid=000] Writing FITS propertylist product(CAL_VIS2): CALVIS_TARGET_RAW_INT_0006.fits
00:58:13 [ INFO  ] mat_oifits_delete: [tid=000] Delete oifits
00:58:13 [ INFO  ] mat_oifits_delete: [tid=000] Delete oifits
00:58:13 [ INFO  ] mat_cal_oifits: [tid=000] ****************************************************
00:58:13 [ INFO  ] mat_cal_oifits: [tid=000] Starting mat_cal_cphase
00:58:13 [ INFO  ] mat_cal_oifits: [tid=000] ****************************************************
00:58:13 [ INFO  ] mat_oifits_load: [tid=000] Load oifits
00:58:13 [ INFO  ] mat_oifits_add_array: [tid=000] Add array
00:58:13 [ INFO  ] mat_oifits_add_wavelength: [tid=000] Add wavelength
00:58:13 [ INFO  ] mat_oivis2_from_table: [tid=000] VIS2 table has 64 wavelength data
00:58:13 [ INFO  ] mat_oifits_add_vis2: [tid=000] Add vis2
00:58:13 [ INFO  ] mat_oifits_find_tupel: [tid=000] Find tuple
00:58:13 [ INFO  ] mat_oifits_select_tupel: [tid=000] Select tuple
00:58:13 [ INFO  ] mat_oit3_from_table: [tid=000] T3 table has 64 wavelength data
00:58:13 [ INFO  ] mat_oifits_add_t3: [tid=000] Add T3
00:58:13 [ INFO  ] mat_oifits_find_tupel: [tid=000] Find tuple
00:58:13 [ INFO  ] mat_oifits_select_tupel: [tid=000] Select tuple
00:58:13 [ INFO  ] mat_oivis_from_table: [tid=000] VIS table has 64 wavelength data
00:58:13 [ INFO  ] mat_oifits_add_vis: [tid=000] Add vis
00:58:13 [ INFO  ] mat_oifits_find_tupel: [tid=000] Find tuple
00:58:13 [ INFO  ] mat_oifits_select_tupel: [tid=000] Select tuple
00:58:13 [ INFO  ] mat_oifits_load: [tid=000] Load oifits
00:58:13 [ INFO  ] mat_oifits_add_array: [tid=000] Add array
00:58:13 [ INFO  ] mat_oifits_add_wavelength: [tid=000] Add wavelength
00:58:13 [ INFO  ] mat_oivis2_from_table: [tid=000] VIS2 table has 64 wavelength data
00:58:13 [ INFO  ] mat_oifits_add_vis2: [tid=000] Add vis2
00:58:13 [ INFO  ] mat_oifits_find_tupel: [tid=000] Find tuple
00:58:13 [ INFO  ] mat_oifits_select_tupel: [tid=000] Select tuple
00:58:13 [ INFO  ] mat_oit3_from_table: [tid=000] T3 table has 64 wavelength data
00:58:13 [ INFO  ] mat_oifits_add_t3: [tid=000] Add T3
00:58:13 [ INFO  ] mat_oifits_find_tupel: [tid=000] Find tuple
00:58:13 [ INFO  ] mat_oifits_select_tupel: [tid=000] Select tuple
00:58:13 [ INFO  ] mat_oivis_from_table: [tid=000] VIS table has 64 wavelength data
00:58:13 [ INFO  ] mat_oifits_add_vis: [tid=000] Add vis
00:58:13 [ INFO  ] mat_oifits_find_tupel: [tid=000] Find tuple
00:58:13 [ INFO  ] mat_oifits_select_tupel: [tid=000] Select tuple
00:58:13 [ INFO  ] mat_oitf2_from_table: [tid=000] TF2 table has 64 wavelength data
00:58:13 [ INFO  ] mat_oifits_add_tf2: [tid=000] Add TF2
00:58:13 [ INFO  ] mat_oifits_find_tupel: [tid=000] Find tuple
00:58:13 [ INFO  ] mat_oifits_select_tupel: [tid=000] Select tuple
00:58:13 [ INFO  ] mat_oifits_save: [tid=000] Save oifits
00:58:13 [ INFO  ] cpl_dfs_product_save: [tid=000] Writing FITS propertylist product(CAL_CPHASE): CALCPHASE_TARGET_RAW_INT_0006.fits
00:58:13 [ INFO  ] mat_oifits_delete: [tid=000] Delete oifits
00:58:13 [ INFO  ] mat_oifits_delete: [tid=000] Delete oifits
00:58:13 [ INFO  ] mat_cal_oifits: [tid=000] ****************************************************
00:58:13 [ INFO  ] mat_cal_oifits: [tid=000] Starting mat_cal_dphase
00:58:13 [ INFO  ] mat_cal_oifits: [tid=000] ****************************************************
00:58:13 [ INFO  ] mat_oifits_load: [tid=000] Load oifits
00:58:13 [ INFO  ] mat_oifits_add_array: [tid=000] Add array
00:58:13 [ INFO  ] mat_oifits_add_wavelength: [tid=000] Add wavelength
00:58:13 [ INFO  ] mat_oivis2_from_table: [tid=000] VIS2 table has 64 wavelength data
00:58:13 [ INFO  ] mat_oifits_add_vis2: [tid=000] Add vis2
00:58:13 [ INFO  ] mat_oifits_find_tupel: [tid=000] Find tuple
00:58:13 [ INFO  ] mat_oifits_select_tupel: [tid=000] Select tuple
00:58:13 [ INFO  ] mat_oit3_from_table: [tid=000] T3 table has 64 wavelength data
00:58:13 [ INFO  ] mat_oifits_add_t3: [tid=000] Add T3
00:58:13 [ INFO  ] mat_oifits_find_tupel: [tid=000] Find tuple
00:58:13 [ INFO  ] mat_oifits_select_tupel: [tid=000] Select tuple
00:58:13 [ INFO  ] mat_oivis_from_table: [tid=000] VIS table has 64 wavelength data
00:58:13 [ INFO  ] mat_oifits_add_vis: [tid=000] Add vis
00:58:13 [ INFO  ] mat_oifits_find_tupel: [tid=000] Find tuple
00:58:13 [ INFO  ] mat_oifits_select_tupel: [tid=000] Select tuple
00:58:13 [ INFO  ] mat_oifits_load: [tid=000] Load oifits
00:58:13 [ INFO  ] mat_oifits_add_array: [tid=000] Add array
00:58:13 [ INFO  ] mat_oifits_add_wavelength: [tid=000] Add wavelength
00:58:13 [ INFO  ] mat_oivis2_from_table: [tid=000] VIS2 table has 64 wavelength data
00:58:13 [ INFO  ] mat_oifits_add_vis2: [tid=000] Add vis2
00:58:13 [ INFO  ] mat_oifits_find_tupel: [tid=000] Find tuple
00:58:13 [ INFO  ] mat_oifits_select_tupel: [tid=000] Select tuple
00:58:13 [ INFO  ] mat_oit3_from_table: [tid=000] T3 table has 64 wavelength data
00:58:13 [ INFO  ] mat_oifits_add_t3: [tid=000] Add T3
00:58:13 [ INFO  ] mat_oifits_find_tupel: [tid=000] Find tuple
00:58:13 [ INFO  ] mat_oifits_select_tupel: [tid=000] Select tuple
00:58:13 [ INFO  ] mat_oivis_from_table: [tid=000] VIS table has 64 wavelength data
00:58:13 [ INFO  ] mat_oifits_add_vis: [tid=000] Add vis
00:58:13 [ INFO  ] mat_oifits_find_tupel: [tid=000] Find tuple
00:58:13 [ INFO  ] mat_oifits_select_tupel: [tid=000] Select tuple
00:58:13 [ INFO  ] mat_oitf2_from_table: [tid=000] TF2 table has 64 wavelength data
00:58:13 [ INFO  ] mat_oifits_add_tf2: [tid=000] Add TF2
00:58:13 [ INFO  ] mat_oifits_find_tupel: [tid=000] Find tuple
00:58:13 [ INFO  ] mat_oifits_select_tupel: [tid=000] Select tuple
00:58:13 [ INFO  ] mat_oifits_save: [tid=000] Save oifits
00:58:13 [ INFO  ] cpl_dfs_product_save: [tid=000] Writing FITS propertylist product(CAL_DPHASE): CALDPHASE_TARGET_RAW_INT_0006.fits
00:58:13 [ INFO  ] mat_oifits_delete: [tid=000] Delete oifits
00:58:13 [ INFO  ] mat_oifits_delete: [tid=000] Delete oifits
00:58:13 [ INFO  ] mat_cal_oifits: [tid=000] ****************************************************
00:58:13 [ INFO  ] mat_cal_oifits: [tid=000] Starting mat_merge_results
00:58:13 [ INFO  ] mat_cal_oifits: [tid=000] ****************************************************
00:58:13 [ INFO  ] mat_merge_results_lib: [tid=000] Merging results...
00:58:14 [ INFO  ] mat_oivis2_from_table: [tid=000] VIS2 table has 64 wavelength data
00:58:14 [ INFO  ] mat_oit3_from_table: [tid=000] T3 table has 64 wavelength data
00:58:14 [ INFO  ] mat_merge_results_lib: [tid=000] OIVIS Merging...
00:58:14 [ INFO  ] mat_oivis_from_table: [tid=000] VIS table has 64 wavelength data
00:58:14 [ INFO  ] mat_merge_results_lib: [tid=000] OITF2...
00:58:14 [ INFO  ] mat_merge_results_lib: [tid=000] New OIVIS2...
00:58:14 [ INFO  ] mat_merge_results_lib: [tid=000] OIVIS Merging 2...
00:58:14 [ INFO  ] mat_merge_results_lib: [tid=000] T3 Merging...
00:58:14 [ INFO  ] mat_merge_results_lib: [tid=000] Number of keywords PRO.REC erased = 103
00:58:14 [ INFO  ] mat_merge_results_lib: [tid=000] Number of keywords PRO.DATANCOM erased = 1
00:58:14 [ INFO  ] mat_oifits_save: [tid=000] Save oifits
00:58:14 [ INFO  ] cpl_dfs_product_save: [tid=000] Writing FITS propertylist product(TARGET_CAL_INT): TARGET_CAL_INT_0006.fits
00:58:14 [ INFO  ] mat_oifits_delete: [tid=000] Delete oifits
00:58:14 [ INFO  ] mat_oifits_delete: [tid=000] Delete oifits
00:58:14 [WARNING] mat_cal_oifits: [tid=000] OIFITS missing for BCD OUT-OUT - Chop
00:58:14 [WARNING] mat_cal_oifits: [tid=000] OIFITS missing for BCD IN-OUT - Chop
00:58:14 [WARNING] mat_cal_oifits: [tid=000] OIFITS missing for BCD OUT-IN - Chop
00:58:14 [ INFO  ] mat_cal_oifits: [tid=000] ------ Entering BCD Calibration -----------
00:58:14 [ INFO  ] mat_cal_oifits: [tid=000] Data with chopping 1
00:58:14 [ INFO  ] mat_oifits_load: [tid=000] Load oifits
00:58:14 [ INFO  ] mat_oifits_add_array: [tid=000] Add array
00:58:14 [ INFO  ] mat_oifits_add_wavelength: [tid=000] Add wavelength
00:58:14 [ INFO  ] mat_oivis2_from_table: [tid=000] VIS2 table has 64 wavelength data
00:58:14 [ INFO  ] mat_oifits_add_vis2: [tid=000] Add vis2
00:58:14 [ INFO  ] mat_oifits_find_tupel: [tid=000] Find tuple
00:58:14 [ INFO  ] mat_oifits_select_tupel: [tid=000] Select tuple
00:58:14 [ INFO  ] mat_oit3_from_table: [tid=000] T3 table has 64 wavelength data
00:58:14 [ INFO  ] mat_oifits_add_t3: [tid=000] Add T3
00:58:14 [ INFO  ] mat_oifits_find_tupel: [tid=000] Find tuple
00:58:14 [ INFO  ] mat_oifits_select_tupel: [tid=000] Select tuple
00:58:14 [ INFO  ] mat_oivis_from_table: [tid=000] VIS table has 64 wavelength data
00:58:14 [ INFO  ] mat_oifits_add_vis: [tid=000] Add vis
00:58:14 [ INFO  ] mat_oifits_find_tupel: [tid=000] Find tuple
00:58:14 [ INFO  ] mat_oifits_select_tupel: [tid=000] Select tuple
00:58:14 [ INFO  ] mat_oifits_load: [tid=000] Load oifits
00:58:14 [ INFO  ] mat_oifits_add_array: [tid=000] Add array
00:58:14 [ INFO  ] mat_oifits_add_wavelength: [tid=000] Add wavelength
00:58:14 [ INFO  ] mat_oivis2_from_table: [tid=000] VIS2 table has 64 wavelength data
00:58:14 [ INFO  ] mat_oifits_add_vis2: [tid=000] Add vis2
00:58:14 [ INFO  ] mat_oifits_find_tupel: [tid=000] Find tuple
00:58:14 [ INFO  ] mat_oifits_select_tupel: [tid=000] Select tuple
00:58:14 [ INFO  ] mat_oit3_from_table: [tid=000] T3 table has 64 wavelength data
00:58:14 [ INFO  ] mat_oifits_add_t3: [tid=000] Add T3
00:58:14 [ INFO  ] mat_oifits_find_tupel: [tid=000] Find tuple
00:58:14 [ INFO  ] mat_oifits_select_tupel: [tid=000] Select tuple
00:58:14 [ INFO  ] mat_oivis_from_table: [tid=000] VIS table has 64 wavelength data
00:58:14 [ INFO  ] mat_oifits_add_vis: [tid=000] Add vis
00:58:14 [ INFO  ] mat_oifits_find_tupel: [tid=000] Find tuple
00:58:14 [ INFO  ] mat_oifits_select_tupel: [tid=000] Select tuple
00:58:14 [ INFO  ] mat_oifits_delete: [tid=000] Delete oifits
00:58:14 [ INFO  ] mat_oifits_load: [tid=000] Load oifits
00:58:14 [ INFO  ] mat_oifits_add_array: [tid=000] Add array
00:58:14 [ INFO  ] mat_oifits_add_wavelength: [tid=000] Add wavelength
00:58:14 [ INFO  ] mat_oivis2_from_table: [tid=000] VIS2 table has 64 wavelength data
00:58:14 [ INFO  ] mat_oifits_add_vis2: [tid=000] Add vis2
00:58:14 [ INFO  ] mat_oifits_find_tupel: [tid=000] Find tuple
00:58:14 [ INFO  ] mat_oifits_select_tupel: [tid=000] Select tuple
00:58:14 [ INFO  ] mat_oit3_from_table: [tid=000] T3 table has 64 wavelength data
00:58:14 [ INFO  ] mat_oifits_add_t3: [tid=000] Add T3
00:58:14 [ INFO  ] mat_oifits_find_tupel: [tid=000] Find tuple
00:58:14 [ INFO  ] mat_oifits_select_tupel: [tid=000] Select tuple
00:58:14 [ INFO  ] mat_oivis_from_table: [tid=000] VIS table has 64 wavelength data
00:58:14 [ INFO  ] mat_oifits_add_vis: [tid=000] Add vis
00:58:14 [ INFO  ] mat_oifits_find_tupel: [tid=000] Find tuple
00:58:14 [ INFO  ] mat_oifits_select_tupel: [tid=000] Select tuple
00:58:14 [ INFO  ] mat_oifits_delete: [tid=000] Delete oifits
00:58:14 [ INFO  ] mat_oifits_load: [tid=000] Load oifits
00:58:14 [ INFO  ] mat_oifits_add_array: [tid=000] Add array
00:58:14 [ INFO  ] mat_oifits_add_wavelength: [tid=000] Add wavelength
00:58:14 [ INFO  ] mat_oivis2_from_table: [tid=000] VIS2 table has 64 wavelength data
00:58:14 [ INFO  ] mat_oifits_add_vis2: [tid=000] Add vis2
00:58:14 [ INFO  ] mat_oifits_find_tupel: [tid=000] Find tuple
00:58:14 [ INFO  ] mat_oifits_select_tupel: [tid=000] Select tuple
00:58:14 [ INFO  ] mat_oit3_from_table: [tid=000] T3 table has 64 wavelength data
00:58:14 [ INFO  ] mat_oifits_add_t3: [tid=000] Add T3
00:58:14 [ INFO  ] mat_oifits_find_tupel: [tid=000] Find tuple
00:58:14 [ INFO  ] mat_oifits_select_tupel: [tid=000] Select tuple
00:58:14 [ INFO  ] mat_oivis_from_table: [tid=000] VIS table has 64 wavelength data
00:58:14 [ INFO  ] mat_oifits_add_vis: [tid=000] Add vis
00:58:14 [ INFO  ] mat_oifits_find_tupel: [tid=000] Find tuple
00:58:14 [ INFO  ] mat_oifits_select_tupel: [tid=000] Select tuple
00:58:14 [ INFO  ] mat_oifits_delete: [tid=000] Delete oifits
00:58:14 [ INFO  ] mat_oifits_load: [tid=000] Load oifits
00:58:14 [ INFO  ] mat_oifits_add_array: [tid=000] Add array
00:58:14 [ INFO  ] mat_oifits_add_wavelength: [tid=000] Add wavelength
00:58:14 [ INFO  ] mat_oivis2_from_table: [tid=000] VIS2 table has 64 wavelength data
00:58:14 [ INFO  ] mat_oifits_add_vis2: [tid=000] Add vis2
00:58:14 [ INFO  ] mat_oifits_find_tupel: [tid=000] Find tuple
00:58:14 [ INFO  ] mat_oifits_select_tupel: [tid=000] Select tuple
00:58:14 [ INFO  ] mat_oit3_from_table: [tid=000] T3 table has 64 wavelength data
00:58:14 [ INFO  ] mat_oifits_add_t3: [tid=000] Add T3
00:58:14 [ INFO  ] mat_oifits_find_tupel: [tid=000] Find tuple
00:58:14 [ INFO  ] mat_oifits_select_tupel: [tid=000] Select tuple
00:58:14 [ INFO  ] mat_oivis_from_table: [tid=000] VIS table has 64 wavelength data
00:58:14 [ INFO  ] mat_oifits_add_vis: [tid=000] Add vis
00:58:14 [ INFO  ] mat_oifits_find_tupel: [tid=000] Find tuple
00:58:14 [ INFO  ] mat_oifits_select_tupel: [tid=000] Select tuple
00:58:14 [ INFO  ] mat_oifits_delete: [tid=000] Delete oifits
00:58:14 [ INFO  ] mat_oifits_load: [tid=000] Load oifits
00:58:14 [ INFO  ] mat_oifits_add_array: [tid=000] Add array
00:58:14 [ INFO  ] mat_oifits_add_wavelength: [tid=000] Add wavelength
00:58:14 [ INFO  ] mat_oivis2_from_table: [tid=000] VIS2 table has 64 wavelength data
00:58:14 [ INFO  ] mat_oifits_add_vis2: [tid=000] Add vis2
00:58:14 [ INFO  ] mat_oifits_find_tupel: [tid=000] Find tuple
00:58:14 [ INFO  ] mat_oifits_select_tupel: [tid=000] Select tuple
00:58:14 [ INFO  ] mat_oit3_from_table: [tid=000] T3 table has 64 wavelength data
00:58:14 [ INFO  ] mat_oifits_add_t3: [tid=000] Add T3
00:58:14 [ INFO  ] mat_oifits_find_tupel: [tid=000] Find tuple
00:58:14 [ INFO  ] mat_oifits_select_tupel: [tid=000] Select tuple
00:58:14 [ INFO  ] mat_oivis_from_table: [tid=000] VIS table has 64 wavelength data
00:58:14 [ INFO  ] mat_oifits_add_vis: [tid=000] Add vis
00:58:14 [ INFO  ] mat_oifits_find_tupel: [tid=000] Find tuple
00:58:14 [ INFO  ] mat_oifits_select_tupel: [tid=000] Select tuple
00:58:14 [ INFO  ] mat_oifits_delete: [tid=000] Delete oifits
00:58:14 [ INFO  ] mat_oifits_save: [tid=000] Save oifits
00:58:14 [ INFO  ] cpl_dfs_product_save: [tid=000] Writing FITS propertylist product(TARGET_CAL_INT): TARGET_CAL_INT_noBCD.fits
00:58:14 [ INFO  ] mat_oifits_delete: [tid=000] Delete oifits
00:58:14 [ INFO  ] mat_cal_oifits: [tid=000] ------ End of BCD Calibration -----------
00:58:14 [ INFO  ] : [tid=000] Calculating product checksums
00:58:15 [ INFO  ] : [tid=000] Created product /data/beegfs/astro-storage/groups/matisse/scheuck/data/matisse/GTO/hd142666/product/UTs/2019-05-13/calib/coherent/TAR-CAL.mat_cal_estimates.2019-05-14T05_28_03.HAWAII-2RG.2019-05-14T06_12_59.rb/CALCPHASE_TARGET_RAW_INT_0002.fits
00:58:15 [ INFO  ] : [tid=000] Created product /data/beegfs/astro-storage/groups/matisse/scheuck/data/matisse/GTO/hd142666/product/UTs/2019-05-13/calib/coherent/TAR-CAL.mat_cal_estimates.2019-05-14T05_28_03.HAWAII-2RG.2019-05-14T06_12_59.rb/CALDPHASE_TARGET_RAW_INT_0002.fits
00:58:15 [ INFO  ] : [tid=000] Created product /data/beegfs/astro-storage/groups/matisse/scheuck/data/matisse/GTO/hd142666/product/UTs/2019-05-13/calib/coherent/TAR-CAL.mat_cal_estimates.2019-05-14T05_28_03.HAWAII-2RG.2019-05-14T06_12_59.rb/CALVIS_TARGET_RAW_INT_0002.fits
00:58:15 [ INFO  ] : [tid=000] Created product /data/beegfs/astro-storage/groups/matisse/scheuck/data/matisse/GTO/hd142666/product/UTs/2019-05-13/calib/coherent/TAR-CAL.mat_cal_estimates.2019-05-14T05_28_03.HAWAII-2RG.2019-05-14T06_12_59.rb/TARGET_CAL_INT_0002.fits
00:58:15 [ INFO  ] : [tid=000] Created product /data/beegfs/astro-storage/groups/matisse/scheuck/data/matisse/GTO/hd142666/product/UTs/2019-05-13/calib/coherent/TAR-CAL.mat_cal_estimates.2019-05-14T05_28_03.HAWAII-2RG.2019-05-14T06_12_59.rb/CALCPHASE_TARGET_RAW_INT_0001.fits
00:58:15 [ INFO  ] : [tid=000] Created product /data/beegfs/astro-storage/groups/matisse/scheuck/data/matisse/GTO/hd142666/product/UTs/2019-05-13/calib/coherent/TAR-CAL.mat_cal_estimates.2019-05-14T05_28_03.HAWAII-2RG.2019-05-14T06_12_59.rb/CALDPHASE_TARGET_RAW_INT_0001.fits
00:58:15 [ INFO  ] : [tid=000] Created product /data/beegfs/astro-storage/groups/matisse/scheuck/data/matisse/GTO/hd142666/product/UTs/2019-05-13/calib/coherent/TAR-CAL.mat_cal_estimates.2019-05-14T05_28_03.HAWAII-2RG.2019-05-14T06_12_59.rb/CALVIS_TARGET_RAW_INT_0001.fits
00:58:15 [ INFO  ] : [tid=000] Created product /data/beegfs/astro-storage/groups/matisse/scheuck/data/matisse/GTO/hd142666/product/UTs/2019-05-13/calib/coherent/TAR-CAL.mat_cal_estimates.2019-05-14T05_28_03.HAWAII-2RG.2019-05-14T06_12_59.rb/TARGET_CAL_INT_0001.fits
00:58:15 [ INFO  ] : [tid=000] Created product /data/beegfs/astro-storage/groups/matisse/scheuck/data/matisse/GTO/hd142666/product/UTs/2019-05-13/calib/coherent/TAR-CAL.mat_cal_estimates.2019-05-14T05_28_03.HAWAII-2RG.2019-05-14T06_12_59.rb/CALCPHASE_TARGET_RAW_INT_0003.fits
00:58:15 [ INFO  ] : [tid=000] Created product /data/beegfs/astro-storage/groups/matisse/scheuck/data/matisse/GTO/hd142666/product/UTs/2019-05-13/calib/coherent/TAR-CAL.mat_cal_estimates.2019-05-14T05_28_03.HAWAII-2RG.2019-05-14T06_12_59.rb/CALDPHASE_TARGET_RAW_INT_0003.fits
00:58:15 [ INFO  ] : [tid=000] Created product /data/beegfs/astro-storage/groups/matisse/scheuck/data/matisse/GTO/hd142666/product/UTs/2019-05-13/calib/coherent/TAR-CAL.mat_cal_estimates.2019-05-14T05_28_03.HAWAII-2RG.2019-05-14T06_12_59.rb/CALVIS_TARGET_RAW_INT_0003.fits
00:58:15 [ INFO  ] : [tid=000] Created product /data/beegfs/astro-storage/groups/matisse/scheuck/data/matisse/GTO/hd142666/product/UTs/2019-05-13/calib/coherent/TAR-CAL.mat_cal_estimates.2019-05-14T05_28_03.HAWAII-2RG.2019-05-14T06_12_59.rb/TARGET_CAL_INT_0003.fits
00:58:15 [ INFO  ] : [tid=000] Created product /data/beegfs/astro-storage/groups/matisse/scheuck/data/matisse/GTO/hd142666/product/UTs/2019-05-13/calib/coherent/TAR-CAL.mat_cal_estimates.2019-05-14T05_28_03.HAWAII-2RG.2019-05-14T06_12_59.rb/CALCPHASE_TARGET_RAW_INT_0004.fits
00:58:15 [ INFO  ] : [tid=000] Created product /data/beegfs/astro-storage/groups/matisse/scheuck/data/matisse/GTO/hd142666/product/UTs/2019-05-13/calib/coherent/TAR-CAL.mat_cal_estimates.2019-05-14T05_28_03.HAWAII-2RG.2019-05-14T06_12_59.rb/CALDPHASE_TARGET_RAW_INT_0004.fits
00:58:15 [ INFO  ] : [tid=000] Created product /data/beegfs/astro-storage/groups/matisse/scheuck/data/matisse/GTO/hd142666/product/UTs/2019-05-13/calib/coherent/TAR-CAL.mat_cal_estimates.2019-05-14T05_28_03.HAWAII-2RG.2019-05-14T06_12_59.rb/CALVIS_TARGET_RAW_INT_0004.fits
00:58:15 [ INFO  ] : [tid=000] Created product /data/beegfs/astro-storage/groups/matisse/scheuck/data/matisse/GTO/hd142666/product/UTs/2019-05-13/calib/coherent/TAR-CAL.mat_cal_estimates.2019-05-14T05_28_03.HAWAII-2RG.2019-05-14T06_12_59.rb/TARGET_CAL_INT_0004.fits
00:58:15 [ INFO  ] : [tid=000] Created product /data/beegfs/astro-storage/groups/matisse/scheuck/data/matisse/GTO/hd142666/product/UTs/2019-05-13/calib/coherent/TAR-CAL.mat_cal_estimates.2019-05-14T05_28_03.HAWAII-2RG.2019-05-14T06_12_59.rb/CALCPHASE_TARGET_RAW_INT_0006.fits
00:58:15 [ INFO  ] : [tid=000] Created product /data/beegfs/astro-storage/groups/matisse/scheuck/data/matisse/GTO/hd142666/product/UTs/2019-05-13/calib/coherent/TAR-CAL.mat_cal_estimates.2019-05-14T05_28_03.HAWAII-2RG.2019-05-14T06_12_59.rb/CALDPHASE_TARGET_RAW_INT_0006.fits
00:58:15 [ INFO  ] : [tid=000] Created product /data/beegfs/astro-storage/groups/matisse/scheuck/data/matisse/GTO/hd142666/product/UTs/2019-05-13/calib/coherent/TAR-CAL.mat_cal_estimates.2019-05-14T05_28_03.HAWAII-2RG.2019-05-14T06_12_59.rb/CALVIS_TARGET_RAW_INT_0006.fits
00:58:15 [ INFO  ] : [tid=000] Created product /data/beegfs/astro-storage/groups/matisse/scheuck/data/matisse/GTO/hd142666/product/UTs/2019-05-13/calib/coherent/TAR-CAL.mat_cal_estimates.2019-05-14T05_28_03.HAWAII-2RG.2019-05-14T06_12_59.rb/TARGET_CAL_INT_0006.fits
00:58:15 [ INFO  ] : [tid=000] Created product /data/beegfs/astro-storage/groups/matisse/scheuck/data/matisse/GTO/hd142666/product/UTs/2019-05-13/calib/coherent/TAR-CAL.mat_cal_estimates.2019-05-14T05_28_03.HAWAII-2RG.2019-05-14T06_12_59.rb/TARGET_CAL_INT_noBCD.fits
00:58:15 [ INFO  ] : [tid=000] 21 products created
